<?xml version="1.0" encoding="UTF-8"?>
<!-- Generated by org.testng.reporters.JUnitXMLReporter -->
<testsuite hostname="GOAL-14" ignored="1" name="Default test" tests="2" failures="0" timestamp="2020-04-25T12:26:59 IST" time="13.63" errors="0">
  <testcase name="createCRWithOutBody" time="8.693" classname="week3.day1.chaining.CreateCRWithOutBody"/>
  <testcase name="deleteCR" time="4.826" classname="week3.day1.chaining.DeleteCR"/>
  <testcase name="@BeforeSuite initialise" time="0.0" classname="week3.day1.chaining.BaseRequest">
    <ignored/>
  </testcase> <!-- @BeforeSuite initialise -->
</testsuite> <!-- Default test -->
