<?xml version="1.0" encoding="UTF-8"?>
<!-- Generated by org.testng.reporters.JUnitXMLReporter -->
<testsuite hostname="GOAL-14" ignored="0" name="Test" tests="2" failures="1" timestamp="2020-06-22T20:14:26 IST" time="9.631" errors="0">
  <testcase name="TC001_userLogin" time="7.15" classname="week3.day2.uibank.UserLogin"/>
  <testcase name="TC002_createAccount" time="2.409" classname="week3.day2.uibank.CreateAccount">
    <failure type="java.lang.AssertionError" message="Expected status code : 200 and actual :401 expected [true] but found [false]">
      <![CDATA[java.lang.AssertionError: Expected status code : 200 and actual :401 expected [true] but found [false]
at week3.day2.uibank.CreateAccount.TC002_createAccount(CreateAccount.java:37)
at java.util.ArrayList.forEach(ArrayList.java:1257)
... Removed 30 stack frames]]>
    </failure>
  </testcase> <!-- TC002_createAccount -->
</testsuite> <!-- Test -->
