<?xml version="1.0" encoding="UTF-8"?>
<testng-results skipped="0" failed="0" ignored="1" total="3" passed="2">
  <reporter-output>
  </reporter-output>
  <suite name="Default suite" duration-ms="13630" started-at="2020-04-25T12:26:45 IST" finished-at="2020-04-25T12:26:59 IST">
    <groups>
    </groups>
    <test name="Default test" duration-ms="13630" started-at="2020-04-25T12:26:45 IST" finished-at="2020-04-25T12:26:59 IST">
      <class name="week3.day1.chaining.DeleteCR">
        <test-method status="PASS" signature="initialise()[pri:0, instance:week3.day1.chaining.DeleteCR@48503868]" name="initialise" is-config="true" duration-ms="1377" started-at="2020-04-25T12:26:44 IST" finished-at="2020-04-25T12:26:45 IST">
          <reporter-output>
          </reporter-output>
        </test-method> <!-- initialise -->
        <test-method status="PASS" signature="deleteCR()[pri:0, instance:week3.day1.chaining.DeleteCR@48503868]" name="deleteCR" duration-ms="4826" started-at="2020-04-25T12:26:54 IST" depends-on-methods="week3.day1.chaining.CreateCRWithOutBody.createCRWithOutBody" finished-at="2020-04-25T12:26:59 IST">
          <reporter-output>
          </reporter-output>
        </test-method> <!-- deleteCR -->
      </class> <!-- week3.day1.chaining.DeleteCR -->
      <class name="week3.day1.chaining.CreateCRWithOutBody">
        <test-method status="PASS" signature="createCRWithOutBody()[pri:0, instance:week3.day1.chaining.CreateCRWithOutBody@6895a785]" name="createCRWithOutBody" duration-ms="8693" started-at="2020-04-25T12:26:45 IST" finished-at="2020-04-25T12:26:54 IST">
          <reporter-output>
          </reporter-output>
        </test-method> <!-- createCRWithOutBody -->
      </class> <!-- week3.day1.chaining.CreateCRWithOutBody -->
    </test> <!-- Default test -->
  </suite> <!-- Default suite -->
</testng-results>
